\BOOKMARK [0][-]{chapter*.1}{LỜI CAM ĐOAN}{}% 1
\BOOKMARK [0][-]{chapter*.2}{LỜI CẢM ƠN}{}% 2
\BOOKMARK [0][-]{chapter*.3}{KÍ HIỆU CÁC CỤM TỪ VIẾT TẮT}{}% 3
\BOOKMARK [0][-]{chapter*.5}{DANH MỤC CÁC BẢNG, SƠ ĐỒ, HÌNH}{}% 4
\BOOKMARK [0][-]{chapter*.6}{LỜI MỞ ĐẦU}{}% 5
\BOOKMARK [0][-]{chapter.1}{TÌM HIỂU DOANH NGHIỆP}{}% 6
\BOOKMARK [1][-]{section.1.1}{Giới thiệu tổng quan}{chapter.1}% 7
\BOOKMARK [1][-]{section.1.2}{Cơ cấu tổ chức}{chapter.1}% 8
\BOOKMARK [1][-]{section.1.3}{Phòng ban thực tập và vị trí công việc}{chapter.1}% 9
\BOOKMARK [0][-]{chapter.2}{NỘI DUNG THỰC TẬP}{}% 10
\BOOKMARK [1][-]{section.2.1}{Mô tả công việc thực tập}{chapter.2}% 11
\BOOKMARK [1][-]{section.2.2}{Công việc thực tập}{chapter.2}% 12
\BOOKMARK [1][-]{section.2.3}{Chi tiết nhật ký thực tập}{chapter.2}% 13
\BOOKMARK [0][-]{chapter.3}{KẾT QUẢ THỰC TẬP}{}% 14
\BOOKMARK [1][-]{section.3.1}{Tóm tắt nội dung đã thực hiện}{chapter.3}% 15
\BOOKMARK [1][-]{section.3.2}{Sản phẩm hoặc dự án thực tế đã tham gia}{chapter.3}% 16
\BOOKMARK [1][-]{section.3.3}{Kỹ năng đã rèn luyện được}{chapter.3}% 17
\BOOKMARK [2][-]{subsection.3.3.1}{Kỹ năng chuyên môn}{section.3.3}% 18
\BOOKMARK [2][-]{subsection.3.3.2}{Kỹ năng mềm}{section.3.3}% 19
\BOOKMARK [1][-]{section.3.4}{Đề xuất cải thiện hoặc đóng góp ý kiến cho doanh nghiệp}{chapter.3}% 20
\BOOKMARK [1][-]{section.3.5}{Tự đánh giá hiệu quả thực tập}{chapter.3}% 21
\BOOKMARK [0][-]{chapter*.9}{KẾT LUẬN}{}% 22
\BOOKMARK [0][-]{appendix*.10}{PHỤ LỤC}{}% 23
\BOOKMARK [0][-]{appendix*.11}{DANH MỤC TÀI LIỆU THAM KHẢO}{}% 24
